<html>
<head>
<title>TestNG:  SystemTest</title>
<link href="../testng.css" rel="stylesheet" type="text/css" />
<link href="../my-testng.css" rel="stylesheet" type="text/css" />

<style type="text/css">
.log { display: none;} 
.stack-trace { display: none;} 
</style>
<script type="text/javascript">
<!--
function flip(e) {
  current = e.style.display;
  if (current == 'block') {
    e.style.display = 'none';
    return 0;
  }
  else {
    e.style.display = 'block';
    return 1;
  }
}

function toggleBox(szDivId, elem, msg1, msg2)
{
  var res = -1;  if (document.getElementById) {
    res = flip(document.getElementById(szDivId));
  }
  else if (document.all) {
    // this is the way old msie versions work
    res = flip(document.all[szDivId]);
  }
  if(elem) {
    if(res == 0) elem.innerHTML = msg1; else elem.innerHTML = msg2;
  }

}

function toggleAllBoxes() {
  if (document.getElementsByTagName) {
    d = document.getElementsByTagName('div');
    for (i = 0; i < d.length; i++) {
      if (d[i].className == 'log') {
        flip(d[i]);
      }
    }
  }
}

// -->
</script>

</head>
<body>
<h2 align='center'>SystemTest</h2><table border='1' align="center">
<tr>
<td>Tests passed/Failed/Skipped:</td><td>0/0/4</td>
</tr><tr>
<td>Started on:</td><td>Tue Mar 08 19:14:41 IST 2022</td>
</tr>
<tr><td>Total time:</td><td>0 seconds (151 ms)</td>
</tr><tr>
<td>Included groups:</td><td></td>
</tr><tr>
<td>Excluded groups:</td><td></td>
</tr>
</table><p/>
<small><i>(Hover the method name to see the test class name)</i></small><p/>
<table width='100%' border='1' class='invocation-failed'>
<tr><td colspan='4' align='center'><b>FAILED CONFIGURATIONS</b></td></tr>
<tr><td><b>Test method</b></td>
<td width="30%"><b>Exception</b></td>
<td width="10%"><b>Time (seconds)</b></td>
<td><b>Instance</b></td>
</tr>
<tr>
<td title='fbTest.AddFriendTestNg.launchBrowser()'><b>launchBrowser</b><br>Test class: fbTest.AddFriendTestNg</td>
<td><div><pre>org.testng.TestNGException: 
Parameter &apos;browser&apos; is required by BeforeTest on method launchBrowser but has not been marked @Optional or defined
in F:\Velocity\Account-FaceBook\regressionSuite.xml
... Removed 21 stack frames</pre></div><a href='#' onClick='toggleBox("stack-trace1962826816", this, "Click to show all stack frames", "Click to hide stack frames")'>Click to show all stack frames</a>
<div class='stack-trace' id='stack-trace1962826816'><pre>org.testng.TestNGException: 
Parameter &apos;browser&apos; is required by BeforeTest on method launchBrowser but has not been marked @Optional or defined
in F:\Velocity\Account-FaceBook\regressionSuite.xml
	at org.testng.internal.Parameters.createParams(Parameters.java:270)
	at org.testng.internal.Parameters.createParametersForMethod(Parameters.java:358)
	at org.testng.internal.Parameters.createParameters(Parameters.java:700)
	at org.testng.internal.Parameters.createConfigurationParameters(Parameters.java:168)
	at org.testng.internal.ConfigInvoker.invokeConfigurations(ConfigInvoker.java:302)
	at org.testng.TestRunner.invokeTestConfigurations(TestRunner.java:637)
	at org.testng.TestRunner.beforeRun(TestRunner.java:627)
	at org.testng.TestRunner.run(TestRunner.java:589)
	at org.testng.SuiteRunner.runTest(SuiteRunner.java:377)
	at org.testng.SuiteRunner.runSequentially(SuiteRunner.java:371)
	at org.testng.SuiteRunner.privateRun(SuiteRunner.java:332)
	at org.testng.SuiteRunner.run(SuiteRunner.java:276)
	at org.testng.SuiteRunnerWorker.runSuite(SuiteRunnerWorker.java:53)
	at org.testng.SuiteRunnerWorker.run(SuiteRunnerWorker.java:96)
	at org.testng.TestNG.runSuitesSequentially(TestNG.java:1212)
	at org.testng.TestNG.runSuitesLocally(TestNG.java:1134)
	at org.testng.TestNG.runSuites(TestNG.java:1063)
	at org.testng.TestNG.run(TestNG.java:1031)
	at org.testng.remote.AbstractRemoteTestNG.run(AbstractRemoteTestNG.java:115)
	at org.testng.remote.RemoteTestNG.initAndRun(RemoteTestNG.java:251)
	at org.testng.remote.RemoteTestNG.main(RemoteTestNG.java:77)
</pre></div></td>
<td>-1646747081</td>
<td>fbTest.AddFriendTestNg@3911c2a7</td></tr>
</table><p>
<table width='100%' border='1' class='invocation-skipped'>
<tr><td colspan='4' align='center'><b>SKIPPED CONFIGURATIONS</b></td></tr>
<tr><td><b>Test method</b></td>
<td width="30%"><b>Exception</b></td>
<td width="10%"><b>Time (seconds)</b></td>
<td><b>Instance</b></td>
</tr>
<tr>
<td title='fbTest.ProfilePageTestNg.logOutFaceBook()'><b>logOutFaceBook</b><br>Test class: fbTest.ProfilePageTestNg</td>
<td></td>
<td>-1646747082</td>
<td>fbTest.ProfilePageTestNg@4ac3c60d</td></tr>
<tr>
<td title='fbTest.AddFriendTestNg.loginToFaceBook()'><b>loginToFaceBook</b><br>Test class: fbTest.AddFriendTestNg</td>
<td></td>
<td>-1646747082</td>
<td>fbTest.AddFriendTestNg@3911c2a7</td></tr>
<tr>
<td title='fbTest.AddFriendTestNg.logOutFaceBook()'><b>logOutFaceBook</b><br>Test class: fbTest.AddFriendTestNg</td>
<td></td>
<td>-1646747082</td>
<td>fbTest.AddFriendTestNg@3911c2a7</td></tr>
<tr>
<td title='fbTest.MessengerPageTestNg.closeBrowser()'><b>closeBrowser</b><br>Test class: fbTest.MessengerPageTestNg</td>
<td></td>
<td>-1646747082</td>
<td>fbTest.MessengerPageTestNg@5e82df6a</td></tr>
<tr>
<td title='fbTest.MessengerPageTestNg.createObject()'><b>createObject</b><br>Test class: fbTest.MessengerPageTestNg</td>
<td></td>
<td>-1646747082</td>
<td>fbTest.MessengerPageTestNg@5e82df6a</td></tr>
<tr>
<td title='fbTest.MessengerPageTestNg.launchBrowser()'><b>launchBrowser</b><br>Test class: fbTest.MessengerPageTestNg</td>
<td></td>
<td>-1646747082</td>
<td>fbTest.MessengerPageTestNg@5e82df6a</td></tr>
<tr>
<td title='fbTest.HeaderPageTestNg.clearPOMObject()'><b>clearPOMObject</b><br>Test class: fbTest.HeaderPageTestNg</td>
<td></td>
<td>-1646747082</td>
<td>fbTest.HeaderPageTestNg@4facf68f</td></tr>
<tr>
<td title='fbTest.ProfilePageTestNg.closeBrowser()'><b>closeBrowser</b><br>Test class: fbTest.ProfilePageTestNg</td>
<td></td>
<td>-1646747082</td>
<td>fbTest.ProfilePageTestNg@4ac3c60d</td></tr>
<tr>
<td title='fbTest.MessengerPageTestNg.logOutFaceBook()'><b>logOutFaceBook</b><br>Test class: fbTest.MessengerPageTestNg</td>
<td></td>
<td>-1646747082</td>
<td>fbTest.MessengerPageTestNg@5e82df6a</td></tr>
<tr>
<td title='fbTest.MessengerPageTestNg.clearPOMObject()'><b>clearPOMObject</b><br>Test class: fbTest.MessengerPageTestNg</td>
<td></td>
<td>-1646747082</td>
<td>fbTest.MessengerPageTestNg@5e82df6a</td></tr>
<tr>
<td title='fbTest.HeaderPageTestNg.launchBrowser()'><b>launchBrowser</b><br>Test class: fbTest.HeaderPageTestNg</td>
<td></td>
<td>-1646747082</td>
<td>fbTest.HeaderPageTestNg@4facf68f</td></tr>
<tr>
<td title='fbTest.ProfilePageTestNg.clearPOMObject()'><b>clearPOMObject</b><br>Test class: fbTest.ProfilePageTestNg</td>
<td></td>
<td>-1646747082</td>
<td>fbTest.ProfilePageTestNg@4ac3c60d</td></tr>
<tr>
<td title='fbTest.HeaderPageTestNg.logOutFaceBook()'><b>logOutFaceBook</b><br>Test class: fbTest.HeaderPageTestNg</td>
<td></td>
<td>-1646747082</td>
<td>fbTest.HeaderPageTestNg@4facf68f</td></tr>
<tr>
<td title='fbTest.HeaderPageTestNg.closeBrowser()'><b>closeBrowser</b><br>Test class: fbTest.HeaderPageTestNg</td>
<td></td>
<td>-1646747082</td>
<td>fbTest.HeaderPageTestNg@4facf68f</td></tr>
<tr>
<td title='fbTest.AddFriendTestNg.ceateObject()'><b>ceateObject</b><br>Test class: fbTest.AddFriendTestNg</td>
<td></td>
<td>-1646747082</td>
<td>fbTest.AddFriendTestNg@3911c2a7</td></tr>
<tr>
<td title='fbTest.HeaderPageTestNg.ceateObject()'><b>ceateObject</b><br>Test class: fbTest.HeaderPageTestNg</td>
<td></td>
<td>-1646747082</td>
<td>fbTest.HeaderPageTestNg@4facf68f</td></tr>
<tr>
<td title='fbTest.ProfilePageTestNg.launchBrowser()'><b>launchBrowser</b><br>Test class: fbTest.ProfilePageTestNg</td>
<td></td>
<td>-1646747082</td>
<td>fbTest.ProfilePageTestNg@4ac3c60d</td></tr>
<tr>
<td title='fbTest.AddFriendTestNg.closeBrowser()'><b>closeBrowser</b><br>Test class: fbTest.AddFriendTestNg</td>
<td></td>
<td>-1646747082</td>
<td>fbTest.AddFriendTestNg@3911c2a7</td></tr>
<tr>
<td title='fbTest.MessengerPageTestNg.loginToFaceBook()'><b>loginToFaceBook</b><br>Test class: fbTest.MessengerPageTestNg</td>
<td></td>
<td>-1646747082</td>
<td>fbTest.MessengerPageTestNg@5e82df6a</td></tr>
<tr>
<td title='fbTest.HeaderPageTestNg.loginToFaceBook()'><b>loginToFaceBook</b><br>Test class: fbTest.HeaderPageTestNg</td>
<td></td>
<td>-1646747082</td>
<td>fbTest.HeaderPageTestNg@4facf68f</td></tr>
<tr>
<td title='fbTest.ProfilePageTestNg.createObject()'><b>createObject</b><br>Test class: fbTest.ProfilePageTestNg</td>
<td></td>
<td>-1646747082</td>
<td>fbTest.ProfilePageTestNg@4ac3c60d</td></tr>
<tr>
<td title='fbTest.AddFriendTestNg.clearPOMObject()'><b>clearPOMObject</b><br>Test class: fbTest.AddFriendTestNg</td>
<td></td>
<td>-1646747082</td>
<td>fbTest.AddFriendTestNg@3911c2a7</td></tr>
<tr>
<td title='fbTest.ProfilePageTestNg.loginToFaceBook()'><b>loginToFaceBook</b><br>Test class: fbTest.ProfilePageTestNg</td>
<td></td>
<td>-1646747082</td>
<td>fbTest.ProfilePageTestNg@4ac3c60d</td></tr>
</table><p>
<table width='100%' border='1' class='invocation-skipped'>
<tr><td colspan='4' align='center'><b>SKIPPED TESTS</b></td></tr>
<tr><td><b>Test method</b></td>
<td width="30%"><b>Exception</b></td>
<td width="10%"><b>Time (seconds)</b></td>
<td><b>Instance</b></td>
</tr>
<tr>
<td title='fbTest.MessengerPageTestNg.messengerOperation()'><b>messengerOperation</b><br>Test class: fbTest.MessengerPageTestNg</td>
<td><div><pre>org.testng.TestNGException: 
Parameter &apos;browser&apos; is required by BeforeTest on method launchBrowser but has not been marked @Optional or defined
in F:\Velocity\Account-FaceBook\regressionSuite.xml
... Removed 21 stack frames</pre></div><a href='#' onClick='toggleBox("stack-trace590845366", this, "Click to show all stack frames", "Click to hide stack frames")'>Click to show all stack frames</a>
<div class='stack-trace' id='stack-trace590845366'><pre>org.testng.TestNGException: 
Parameter &apos;browser&apos; is required by BeforeTest on method launchBrowser but has not been marked @Optional or defined
in F:\Velocity\Account-FaceBook\regressionSuite.xml
	at org.testng.internal.Parameters.createParams(Parameters.java:270)
	at org.testng.internal.Parameters.createParametersForMethod(Parameters.java:358)
	at org.testng.internal.Parameters.createParameters(Parameters.java:700)
	at org.testng.internal.Parameters.createConfigurationParameters(Parameters.java:168)
	at org.testng.internal.ConfigInvoker.invokeConfigurations(ConfigInvoker.java:302)
	at org.testng.TestRunner.invokeTestConfigurations(TestRunner.java:637)
	at org.testng.TestRunner.beforeRun(TestRunner.java:627)
	at org.testng.TestRunner.run(TestRunner.java:589)
	at org.testng.SuiteRunner.runTest(SuiteRunner.java:377)
	at org.testng.SuiteRunner.runSequentially(SuiteRunner.java:371)
	at org.testng.SuiteRunner.privateRun(SuiteRunner.java:332)
	at org.testng.SuiteRunner.run(SuiteRunner.java:276)
	at org.testng.SuiteRunnerWorker.runSuite(SuiteRunnerWorker.java:53)
	at org.testng.SuiteRunnerWorker.run(SuiteRunnerWorker.java:96)
	at org.testng.TestNG.runSuitesSequentially(TestNG.java:1212)
	at org.testng.TestNG.runSuitesLocally(TestNG.java:1134)
	at org.testng.TestNG.runSuites(TestNG.java:1063)
	at org.testng.TestNG.run(TestNG.java:1031)
	at org.testng.remote.AbstractRemoteTestNG.run(AbstractRemoteTestNG.java:115)
	at org.testng.remote.RemoteTestNG.initAndRun(RemoteTestNG.java:251)
	at org.testng.remote.RemoteTestNG.main(RemoteTestNG.java:77)
</pre></div></td>
<td>0</td>
<td>fbTest.MessengerPageTestNg@5e82df6a</td></tr>
<tr>
<td title='fbTest.AddFriendTestNg.addFriendOperation()'><b>addFriendOperation</b><br>Test class: fbTest.AddFriendTestNg</td>
<td><div><pre>org.testng.TestNGException: 
Parameter &apos;browser&apos; is required by BeforeTest on method launchBrowser but has not been marked @Optional or defined
in F:\Velocity\Account-FaceBook\regressionSuite.xml
... Removed 21 stack frames</pre></div><a href='#' onClick='toggleBox("stack-trace442987331", this, "Click to show all stack frames", "Click to hide stack frames")'>Click to show all stack frames</a>
<div class='stack-trace' id='stack-trace442987331'><pre>org.testng.TestNGException: 
Parameter &apos;browser&apos; is required by BeforeTest on method launchBrowser but has not been marked @Optional or defined
in F:\Velocity\Account-FaceBook\regressionSuite.xml
	at org.testng.internal.Parameters.createParams(Parameters.java:270)
	at org.testng.internal.Parameters.createParametersForMethod(Parameters.java:358)
	at org.testng.internal.Parameters.createParameters(Parameters.java:700)
	at org.testng.internal.Parameters.createConfigurationParameters(Parameters.java:168)
	at org.testng.internal.ConfigInvoker.invokeConfigurations(ConfigInvoker.java:302)
	at org.testng.TestRunner.invokeTestConfigurations(TestRunner.java:637)
	at org.testng.TestRunner.beforeRun(TestRunner.java:627)
	at org.testng.TestRunner.run(TestRunner.java:589)
	at org.testng.SuiteRunner.runTest(SuiteRunner.java:377)
	at org.testng.SuiteRunner.runSequentially(SuiteRunner.java:371)
	at org.testng.SuiteRunner.privateRun(SuiteRunner.java:332)
	at org.testng.SuiteRunner.run(SuiteRunner.java:276)
	at org.testng.SuiteRunnerWorker.runSuite(SuiteRunnerWorker.java:53)
	at org.testng.SuiteRunnerWorker.run(SuiteRunnerWorker.java:96)
	at org.testng.TestNG.runSuitesSequentially(TestNG.java:1212)
	at org.testng.TestNG.runSuitesLocally(TestNG.java:1134)
	at org.testng.TestNG.runSuites(TestNG.java:1063)
	at org.testng.TestNG.run(TestNG.java:1031)
	at org.testng.remote.AbstractRemoteTestNG.run(AbstractRemoteTestNG.java:115)
	at org.testng.remote.RemoteTestNG.initAndRun(RemoteTestNG.java:251)
	at org.testng.remote.RemoteTestNG.main(RemoteTestNG.java:77)
</pre></div></td>
<td>0</td>
<td>fbTest.AddFriendTestNg@3911c2a7</td></tr>
<tr>
<td title='fbTest.ProfilePageTestNg.profilePageOperation()'><b>profilePageOperation</b><br>Test class: fbTest.ProfilePageTestNg</td>
<td><div><pre>org.testng.TestNGException: 
Parameter &apos;browser&apos; is required by BeforeTest on method launchBrowser but has not been marked @Optional or defined
in F:\Velocity\Account-FaceBook\regressionSuite.xml
... Removed 21 stack frames</pre></div><a href='#' onClick='toggleBox("stack-trace1016550616", this, "Click to show all stack frames", "Click to hide stack frames")'>Click to show all stack frames</a>
<div class='stack-trace' id='stack-trace1016550616'><pre>org.testng.TestNGException: 
Parameter &apos;browser&apos; is required by BeforeTest on method launchBrowser but has not been marked @Optional or defined
in F:\Velocity\Account-FaceBook\regressionSuite.xml
	at org.testng.internal.Parameters.createParams(Parameters.java:270)
	at org.testng.internal.Parameters.createParametersForMethod(Parameters.java:358)
	at org.testng.internal.Parameters.createParameters(Parameters.java:700)
	at org.testng.internal.Parameters.createConfigurationParameters(Parameters.java:168)
	at org.testng.internal.ConfigInvoker.invokeConfigurations(ConfigInvoker.java:302)
	at org.testng.TestRunner.invokeTestConfigurations(TestRunner.java:637)
	at org.testng.TestRunner.beforeRun(TestRunner.java:627)
	at org.testng.TestRunner.run(TestRunner.java:589)
	at org.testng.SuiteRunner.runTest(SuiteRunner.java:377)
	at org.testng.SuiteRunner.runSequentially(SuiteRunner.java:371)
	at org.testng.SuiteRunner.privateRun(SuiteRunner.java:332)
	at org.testng.SuiteRunner.run(SuiteRunner.java:276)
	at org.testng.SuiteRunnerWorker.runSuite(SuiteRunnerWorker.java:53)
	at org.testng.SuiteRunnerWorker.run(SuiteRunnerWorker.java:96)
	at org.testng.TestNG.runSuitesSequentially(TestNG.java:1212)
	at org.testng.TestNG.runSuitesLocally(TestNG.java:1134)
	at org.testng.TestNG.runSuites(TestNG.java:1063)
	at org.testng.TestNG.run(TestNG.java:1031)
	at org.testng.remote.AbstractRemoteTestNG.run(AbstractRemoteTestNG.java:115)
	at org.testng.remote.RemoteTestNG.initAndRun(RemoteTestNG.java:251)
	at org.testng.remote.RemoteTestNG.main(RemoteTestNG.java:77)
</pre></div></td>
<td>0</td>
<td>fbTest.ProfilePageTestNg@4ac3c60d</td></tr>
<tr>
<td title='fbTest.HeaderPageTestNg.faceBookHeaderPage()'><b>faceBookHeaderPage</b><br>Test class: fbTest.HeaderPageTestNg</td>
<td><div><pre>org.testng.TestNGException: 
Parameter &apos;browser&apos; is required by BeforeTest on method launchBrowser but has not been marked @Optional or defined
in F:\Velocity\Account-FaceBook\regressionSuite.xml
... Removed 21 stack frames</pre></div><a href='#' onClick='toggleBox("stack-trace198099809", this, "Click to show all stack frames", "Click to hide stack frames")'>Click to show all stack frames</a>
<div class='stack-trace' id='stack-trace198099809'><pre>org.testng.TestNGException: 
Parameter &apos;browser&apos; is required by BeforeTest on method launchBrowser but has not been marked @Optional or defined
in F:\Velocity\Account-FaceBook\regressionSuite.xml
	at org.testng.internal.Parameters.createParams(Parameters.java:270)
	at org.testng.internal.Parameters.createParametersForMethod(Parameters.java:358)
	at org.testng.internal.Parameters.createParameters(Parameters.java:700)
	at org.testng.internal.Parameters.createConfigurationParameters(Parameters.java:168)
	at org.testng.internal.ConfigInvoker.invokeConfigurations(ConfigInvoker.java:302)
	at org.testng.TestRunner.invokeTestConfigurations(TestRunner.java:637)
	at org.testng.TestRunner.beforeRun(TestRunner.java:627)
	at org.testng.TestRunner.run(TestRunner.java:589)
	at org.testng.SuiteRunner.runTest(SuiteRunner.java:377)
	at org.testng.SuiteRunner.runSequentially(SuiteRunner.java:371)
	at org.testng.SuiteRunner.privateRun(SuiteRunner.java:332)
	at org.testng.SuiteRunner.run(SuiteRunner.java:276)
	at org.testng.SuiteRunnerWorker.runSuite(SuiteRunnerWorker.java:53)
	at org.testng.SuiteRunnerWorker.run(SuiteRunnerWorker.java:96)
	at org.testng.TestNG.runSuitesSequentially(TestNG.java:1212)
	at org.testng.TestNG.runSuitesLocally(TestNG.java:1134)
	at org.testng.TestNG.runSuites(TestNG.java:1063)
	at org.testng.TestNG.run(TestNG.java:1031)
	at org.testng.remote.AbstractRemoteTestNG.run(AbstractRemoteTestNG.java:115)
	at org.testng.remote.RemoteTestNG.initAndRun(RemoteTestNG.java:251)
	at org.testng.remote.RemoteTestNG.main(RemoteTestNG.java:77)
</pre></div></td>
<td>0</td>
<td>fbTest.HeaderPageTestNg@4facf68f</td></tr>
</table><p>
</body>
</html>