<?xml version="1.0" encoding="UTF-8"?>
<!-- Generated by org.testng.reporters.JUnitXMLReporter -->
<testsuite ignored="0" hostname="DESKTOP-CSUM0VT" failures="0" tests="2" name="ChromeTest" time="3.711" errors="0" timestamp="2022-03-08T19:27:57 IST">
  <testcase classname="fbTest.AddFriendTestNg" name="@BeforeTest launchBrowser" time="3.517">
    <failure type="org.openqa.selenium.SessionNotCreatedException" message="session not created: This version of ChromeDriver only supports Chrome version 97
Current browser version is 99.0.4844.51 with binary path C:\Program Files\Google\Chrome\Application\chrome.exe
Build info: version: &amp;apos;3.141.59&amp;apos;, revision: &amp;apos;e82be7d358&amp;apos;, time: &amp;apos;2018-11-14T08:17:03&amp;apos;
System info: host: &amp;apos;DESKTOP-CSUM0VT&amp;apos;, ip: &amp;apos;192.168.1.33&amp;apos;, os.name: &amp;apos;Windows 10&amp;apos;, os.arch: &amp;apos;amd64&amp;apos;, os.version: &amp;apos;10.0&amp;apos;, java.version: &amp;apos;17.0.1&amp;apos;
Driver info: driver.version: ChromeDriver
remote stacktrace: Backtrace:
	Ordinal0 [0x004AFDC3+2555331]
	Ordinal0 [0x004477F1+2127857]
	Ordinal0 [0x00342E08+1060360]
	Ordinal0 [0x003619CA+1186250]
	Ordinal0 [0x0035D825+1169445]
	Ordinal0 [0x0035AFC1+1159105]
	Ordinal0 [0x0038C22F+1360431]
	Ordinal0 [0x0038BE9A+1359514]
	Ordinal0 [0x00387976+1341814]
	Ordinal0 [0x003636B6+1193654]
	Ordinal0 [0x00364546+1197382]
	GetHandleVerifier [0x00649622+1619522]
	GetHandleVerifier [0x006F882C+2336844]
	GetHandleVerifier [0x005423E1+541697]
	GetHandleVerifier [0x00541443+537699]
	Ordinal0 [0x0044D18E+2150798]
	Ordinal0 [0x00451518+2168088]
	Ordinal0 [0x00451660+2168416]
	Ordinal0 [0x0045B330+2208560]
	BaseThreadInitThunk [0x76DFFA29+25]
	RtlGetAppContainerNamedObjectPath [0x776C7A9E+286]
	RtlGetAppContainerNamedObjectPath [0x776C7A6E+238]
">
      <![CDATA[org.openqa.selenium.SessionNotCreatedException: session not created: This version of ChromeDriver only supports Chrome version 97
Current browser version is 99.0.4844.51 with binary path C:\Program Files\Google\Chrome\Application\chrome.exe
Build info: version: '3.141.59', revision: 'e82be7d358', time: '2018-11-14T08:17:03'
System info: host: 'DESKTOP-CSUM0VT', ip: '192.168.1.33', os.name: 'Windows 10', os.arch: 'amd64', os.version: '10.0', java.version: '17.0.1'
Driver info: driver.version: ChromeDriver
remote stacktrace: Backtrace:
Ordinal0 [0x004AFDC3+2555331]
Ordinal0 [0x004477F1+2127857]
Ordinal0 [0x00342E08+1060360]
Ordinal0 [0x003619CA+1186250]
Ordinal0 [0x0035D825+1169445]
Ordinal0 [0x0035AFC1+1159105]
Ordinal0 [0x0038C22F+1360431]
Ordinal0 [0x0038BE9A+1359514]
Ordinal0 [0x00387976+1341814]
Ordinal0 [0x003636B6+1193654]
Ordinal0 [0x00364546+1197382]
GetHandleVerifier [0x00649622+1619522]
GetHandleVerifier [0x006F882C+2336844]
GetHandleVerifier [0x005423E1+541697]
GetHandleVerifier [0x00541443+537699]
Ordinal0 [0x0044D18E+2150798]
Ordinal0 [0x00451518+2168088]
Ordinal0 [0x00451660+2168416]
Ordinal0 [0x0045B330+2208560]
BaseThreadInitThunk [0x76DFFA29+25]
RtlGetAppContainerNamedObjectPath [0x776C7A9E+286]
RtlGetAppContainerNamedObjectPath [0x776C7A6E+238]

at org.openqa.selenium.remote.W3CHandshakeResponse.lambda$errorHandler$0(W3CHandshakeResponse.java:62)
at org.openqa.selenium.remote.HandshakeResponse.lambda$getResponseFunction$0(HandshakeResponse.java:30)
at org.openqa.selenium.remote.ProtocolHandshake.lambda$createSession$0(ProtocolHandshake.java:126)
at java.base/java.util.stream.ReferencePipeline$3$1.accept(ReferencePipeline.java:197)
at java.base/java.util.Spliterators$ArraySpliterator.tryAdvance(Spliterators.java:1002)
at java.base/java.util.stream.ReferencePipeline.forEachWithCancel(ReferencePipeline.java:129)
at java.base/java.util.stream.AbstractPipeline.copyIntoWithCancel(AbstractPipeline.java:527)
at java.base/java.util.stream.AbstractPipeline.copyInto(AbstractPipeline.java:513)
at java.base/java.util.stream.AbstractPipeline.wrapAndCopyInto(AbstractPipeline.java:499)
at java.base/java.util.stream.FindOps$FindOp.evaluateSequential(FindOps.java:150)
at java.base/java.util.stream.AbstractPipeline.evaluate(AbstractPipeline.java:234)
at java.base/java.util.stream.ReferencePipeline.findFirst(ReferencePipeline.java:647)
at org.openqa.selenium.remote.ProtocolHandshake.createSession(ProtocolHandshake.java:128)
at org.openqa.selenium.remote.ProtocolHandshake.createSession(ProtocolHandshake.java:74)
at org.openqa.selenium.remote.HttpCommandExecutor.execute(HttpCommandExecutor.java:136)
at org.openqa.selenium.remote.service.DriverCommandExecutor.execute(DriverCommandExecutor.java:83)
at org.openqa.selenium.remote.RemoteWebDriver.execute(RemoteWebDriver.java:552)
at org.openqa.selenium.remote.RemoteWebDriver.startSession(RemoteWebDriver.java:213)
at org.openqa.selenium.remote.RemoteWebDriver.<init>(RemoteWebDriver.java:131)
at org.openqa.selenium.chrome.ChromeDriver.<init>(ChromeDriver.java:181)
at org.openqa.selenium.chrome.ChromeDriver.<init>(ChromeDriver.java:168)
at org.openqa.selenium.chrome.ChromeDriver.<init>(ChromeDriver.java:123)
at fbTest.AddFriendTestNg.launchBrowser(AddFriendTestNg.java:39)
... Removed 29 stack frames]]>
    </failure>
  </testcase> <!-- @BeforeTest launchBrowser -->
  <testcase classname="fbTest.HeaderPageTestNg" name="@BeforeTest launchBrowser" time="-1.646747876796E9">
    <skipped/>
  </testcase> <!-- @BeforeTest launchBrowser -->
  <testcase classname="fbTest.AddFriendTestNg" name="@BeforeClass ceateObject" time="-1.646747876843E9">
    <skipped/>
  </testcase> <!-- @BeforeClass ceateObject -->
  <testcase classname="fbTest.AddFriendTestNg" name="@BeforeMethod loginToFaceBook" time="-1.646747876862E9">
    <skipped/>
  </testcase> <!-- @BeforeMethod loginToFaceBook -->
  <testcase classname="fbTest.AddFriendTestNg" name="@AfterMethod logOutFaceBook" time="-1.646747876878E9">
    <skipped/>
  </testcase> <!-- @AfterMethod logOutFaceBook -->
  <testcase classname="fbTest.AddFriendTestNg" name="@AfterClass clearPOMObject" time="-1.646747876893E9">
    <skipped/>
  </testcase> <!-- @AfterClass clearPOMObject -->
  <testcase classname="fbTest.HeaderPageTestNg" name="@BeforeClass ceateObject" time="-1.646747876898E9">
    <skipped/>
  </testcase> <!-- @BeforeClass ceateObject -->
  <testcase classname="fbTest.HeaderPageTestNg" name="@BeforeMethod loginToFaceBook" time="-1.646747876905E9">
    <skipped/>
  </testcase> <!-- @BeforeMethod loginToFaceBook -->
  <testcase classname="fbTest.HeaderPageTestNg" name="@AfterMethod logOutFaceBook" time="-1.646747876918E9">
    <skipped/>
  </testcase> <!-- @AfterMethod logOutFaceBook -->
  <testcase classname="fbTest.HeaderPageTestNg" name="@AfterClass clearPOMObject" time="-1.646747876925E9">
    <skipped/>
  </testcase> <!-- @AfterClass clearPOMObject -->
  <testcase classname="fbTest.AddFriendTestNg" name="@AfterTest closeBrowser" time="-1.64674787694E9">
    <skipped/>
  </testcase> <!-- @AfterTest closeBrowser -->
  <testcase classname="fbTest.HeaderPageTestNg" name="@AfterTest closeBrowser" time="-1.646747876947E9">
    <skipped/>
  </testcase> <!-- @AfterTest closeBrowser -->
  <testcase classname="fbTest.AddFriendTestNg" name="addFriendOperation" time="0.0">
    <skipped/>
  </testcase> <!-- addFriendOperation -->
  <testcase classname="fbTest.HeaderPageTestNg" name="faceBookHeaderPage" time="0.0">
    <skipped/>
  </testcase> <!-- faceBookHeaderPage -->
</testsuite> <!-- ChromeTest -->
